2010/02/25 08:38:12 [error] [php] date() [<a href='function.date'>function.date</a>]: It is not safe to rely on the system's timezone settings. You are *required* to use the date.timezone setting or the date_default_timezone_set() function. In case you used any of those methods and you are still getting this warning, you most likely misspelled the timezone identifier. We selected 'America/Sao_Paulo' for '-3.0/no DST' instead (C:\Apache\htdocs\ERPPHP\protected\views\layouts\main.php:49)
Stack trace:
#0 C:\Apache\htdocs\framework\web\CBaseController.php(88): SiteController->renderInternal()
#1 C:\Apache\htdocs\framework\web\CController.php(673): SiteController->renderFile()
#2 C:\Apache\htdocs\ERPPHP\protected\controllers\SiteController.php(32): SiteController->render()
#3 C:\Apache\htdocs\framework\web\actions\CInlineAction.php(32): SiteController->actionIndex()
#4 C:\Apache\htdocs\framework\web\CController.php(300): CInlineAction->run()
#5 C:\Apache\htdocs\framework\web\CController.php(278): SiteController->runAction()
#6 C:\Apache\htdocs\framework\web\CController.php(257): SiteController->runActionWithFilters()
#7 C:\Apache\htdocs\framework\web\CWebApplication.php(320): SiteController->run()
#8 C:\Apache\htdocs\framework\web\CWebApplication.php(120): CWebApplication->runController()
#9 C:\Apache\htdocs\framework\base\CApplication.php(135): CWebApplication->processRequest()
#10 C:\Apache\htdocs\ERPPHP\index.php(11): CWebApplication->run()
REQUEST_URI=/ERPPHP/index.php
2010/02/25 08:38:44 [error] [php] date() [<a href='function.date'>function.date</a>]: It is not safe to rely on the system's timezone settings. You are *required* to use the date.timezone setting or the date_default_timezone_set() function. In case you used any of those methods and you are still getting this warning, you most likely misspelled the timezone identifier. We selected 'America/Sao_Paulo' for '-3.0/no DST' instead (C:\Apache\htdocs\ERPPHP\protected\views\layouts\main.php:49)
Stack trace:
#0 C:\Apache\htdocs\framework\web\CBaseController.php(88): SiteController->renderInternal()
#1 C:\Apache\htdocs\framework\web\CController.php(673): SiteController->renderFile()
#2 C:\Apache\htdocs\ERPPHP\protected\controllers\SiteController.php(32): SiteController->render()
#3 C:\Apache\htdocs\framework\web\actions\CInlineAction.php(32): SiteController->actionIndex()
#4 C:\Apache\htdocs\framework\web\CController.php(300): CInlineAction->run()
#5 C:\Apache\htdocs\framework\web\CController.php(278): SiteController->runAction()
#6 C:\Apache\htdocs\framework\web\CController.php(257): SiteController->runActionWithFilters()
#7 C:\Apache\htdocs\framework\web\CWebApplication.php(320): SiteController->run()
#8 C:\Apache\htdocs\framework\web\CWebApplication.php(120): CWebApplication->runController()
#9 C:\Apache\htdocs\framework\base\CApplication.php(135): CWebApplication->processRequest()
#10 C:\Apache\htdocs\ERPPHP\index.php(11): CWebApplication->run()
REQUEST_URI=/ERPPHP/index.php
2010/02/25 08:38:55 [error] [php] date() [<a href='function.date'>function.date</a>]: It is not safe to rely on the system's timezone settings. You are *required* to use the date.timezone setting or the date_default_timezone_set() function. In case you used any of those methods and you are still getting this warning, you most likely misspelled the timezone identifier. We selected 'America/Sao_Paulo' for '-3.0/no DST' instead (C:\Apache\htdocs\ERPPHP\protected\views\layouts\main.php:49)
Stack trace:
#0 C:\Apache\htdocs\framework\web\CBaseController.php(88): SiteController->renderInternal()
#1 C:\Apache\htdocs\framework\web\CController.php(673): SiteController->renderFile()
#2 C:\Apache\htdocs\ERPPHP\protected\controllers\SiteController.php(32): SiteController->render()
#3 C:\Apache\htdocs\framework\web\actions\CInlineAction.php(32): SiteController->actionIndex()
#4 C:\Apache\htdocs\framework\web\CController.php(300): CInlineAction->run()
#5 C:\Apache\htdocs\framework\web\CController.php(278): SiteController->runAction()
#6 C:\Apache\htdocs\framework\web\CController.php(257): SiteController->runActionWithFilters()
#7 C:\Apache\htdocs\framework\web\CWebApplication.php(320): SiteController->run()
#8 C:\Apache\htdocs\framework\web\CWebApplication.php(120): CWebApplication->runController()
#9 C:\Apache\htdocs\framework\base\CApplication.php(135): CWebApplication->processRequest()
#10 C:\Apache\htdocs\ERPPHP\index-test.php(15): CWebApplication->run()
REQUEST_URI=/ERPPHP/index-test.php
2010/02/25 08:47:14 [error] [php] htmlspecialchars() [<a href='function.htmlspecialchars'>function.htmlspecialchars</a>]: Invalid multibyte sequence in argument (C:\Apache\htdocs\framework\web\helpers\CHtml.php:66)
Stack trace:
#0 C:\Apache\htdocs\framework\web\CBaseController.php(119): require()
#1 C:\Apache\htdocs\framework\web\CBaseController.php(88): SiteController->renderInternal()
#2 C:\Apache\htdocs\framework\web\CController.php(732): SiteController->renderFile()
#3 C:\Apache\htdocs\framework\web\CController.php(671): SiteController->renderPartial()
#4 C:\Apache\htdocs\ERPPHP\protected\controllers\SiteController.php(32): SiteController->render()
#5 C:\Apache\htdocs\framework\web\actions\CInlineAction.php(32): SiteController->actionIndex()
#6 C:\Apache\htdocs\framework\web\CController.php(300): CInlineAction->run()
#7 C:\Apache\htdocs\framework\web\CController.php(278): SiteController->runAction()
#8 C:\Apache\htdocs\framework\web\CController.php(257): SiteController->runActionWithFilters()
#9 C:\Apache\htdocs\framework\web\CWebApplication.php(320): SiteController->run()
#10 C:\Apache\htdocs\framework\web\CWebApplication.php(120): CWebApplication->runController()
#11 C:\Apache\htdocs\framework\base\CApplication.php(135): CWebApplication->processRequest()
#12 C:\Apache\htdocs\ERPPHP\index-test.php(15): CWebApplication->run()
REQUEST_URI=/ERPPHP/index-test.php?r=site/index
2010/02/25 20:06:45 [error] [exception.CHttpException.404] exception 'CHttpException' with message 'Unable to resolve the request "alunos".' in C:\Apache\htdocs\framework\web\CWebApplication.php:324
Stack trace:
#0 C:\Apache\htdocs\framework\web\CWebApplication.php(120): CWebApplication->runController('alunos')
#1 C:\Apache\htdocs\framework\base\CApplication.php(135): CWebApplication->processRequest()
#2 C:\Apache\htdocs\ERPPHP\index.php(11): CApplication->run()
#3 {main} REQUEST_URI=/ERPPHP/index.php?r=alunos
